2025-03-07 13:12:41,036 INFO supervisord started with pid 1
2025-03-07 13:12:42,040 INFO spawned: 'laravel-worker_00' with pid 7
2025-03-07 13:12:42,396 WARN exited: laravel-worker_00 (exit status 1; not expected)
2025-03-07 13:12:43,399 INFO spawned: 'laravel-worker_00' with pid 12
2025-03-07 13:12:43,613 WARN exited: laravel-worker_00 (exit status 1; not expected)
2025-03-07 13:12:45,616 INFO spawned: 'laravel-worker_00' with pid 17
2025-03-07 13:12:45,840 WARN exited: laravel-worker_00 (exit status 1; not expected)
2025-03-07 13:12:48,845 INFO spawned: 'laravel-worker_00' with pid 22
2025-03-07 13:12:49,022 WARN exited: laravel-worker_00 (exit status 1; not expected)
2025-03-07 13:12:50,023 INFO gave up: laravel-worker_00 entered FATAL state, too many start retries too quickly
2025-03-07 13:14:15,108 WARN received SIGQUIT indicating exit request
2025-03-07 13:14:27,577 INFO supervisord started with pid 1
2025-03-07 13:14:28,580 INFO spawned: 'laravel-worker_00' with pid 13
2025-03-07 13:14:28,864 WARN exited: laravel-worker_00 (exit status 1; not expected)
2025-03-07 13:14:29,866 INFO spawned: 'laravel-worker_00' with pid 18
2025-03-07 13:14:30,114 WARN exited: laravel-worker_00 (exit status 1; not expected)
2025-03-07 13:14:32,118 INFO spawned: 'laravel-worker_00' with pid 23
2025-03-07 13:14:32,299 WARN exited: laravel-worker_00 (exit status 1; not expected)
2025-03-07 13:14:35,303 INFO spawned: 'laravel-worker_00' with pid 28
2025-03-07 13:14:35,477 WARN exited: laravel-worker_00 (exit status 1; not expected)
2025-03-07 13:14:36,478 INFO gave up: laravel-worker_00 entered FATAL state, too many start retries too quickly
2025-03-07 13:17:05,629 WARN received SIGQUIT indicating exit request
2025-03-07 13:17:06,283 INFO supervisord started with pid 1
2025-03-07 13:17:07,285 INFO spawned: 'laravel-worker_00' with pid 15
2025-03-07 13:17:07,517 WARN exited: laravel-worker_00 (exit status 1; not expected)
2025-03-07 13:17:08,520 INFO spawned: 'laravel-worker_00' with pid 20
2025-03-07 13:17:08,693 WARN exited: laravel-worker_00 (exit status 1; not expected)
2025-03-07 13:17:10,696 INFO spawned: 'laravel-worker_00' with pid 25
2025-03-07 13:17:10,875 WARN exited: laravel-worker_00 (exit status 1; not expected)
2025-03-07 13:17:13,879 INFO spawned: 'laravel-worker_00' with pid 30
2025-03-07 13:17:14,072 WARN exited: laravel-worker_00 (exit status 1; not expected)
2025-03-07 13:17:15,073 INFO gave up: laravel-worker_00 entered FATAL state, too many start retries too quickly
2025-03-07 13:17:33,091 WARN received SIGQUIT indicating exit request
2025-03-07 13:17:48,658 INFO supervisord started with pid 1
2025-03-07 13:17:49,661 INFO spawned: 'laravel-worker_00' with pid 6
2025-03-07 13:17:50,663 INFO success: laravel-worker_00 entered RUNNING state, process has stayed up for > than 1 seconds (startsecs)
2025-03-07 13:22:06,918 WARN received SIGQUIT indicating exit request
2025-03-07 13:22:06,918 INFO waiting for laravel-worker_00 to die
2025-03-07 13:22:06,934 INFO stopped: laravel-worker_00 (exit status 0)
2025-03-07 13:22:07,557 INFO supervisord started with pid 1
2025-03-07 13:22:08,559 INFO spawned: 'laravel-worker_00' with pid 15
2025-03-07 13:22:09,561 INFO success: laravel-worker_00 entered RUNNING state, process has stayed up for > than 1 seconds (startsecs)
2025-03-07 13:37:45,718 WARN received SIGQUIT indicating exit request
2025-03-07 13:37:45,719 INFO waiting for laravel-worker_00 to die
2025-03-07 13:37:45,735 INFO stopped: laravel-worker_00 (exit status 0)
2025-03-07 13:37:46,400 INFO supervisord started with pid 1
2025-03-07 13:37:47,402 INFO spawned: 'laravel-worker_00' with pid 15
2025-03-07 13:37:48,405 INFO success: laravel-worker_00 entered RUNNING state, process has stayed up for > than 1 seconds (startsecs)
2025-03-07 13:43:52,413 WARN received SIGQUIT indicating exit request
2025-03-07 13:43:52,413 INFO waiting for laravel-worker_00 to die
2025-03-07 13:43:52,424 INFO stopped: laravel-worker_00 (exit status 0)
2025-03-07 13:43:53,116 INFO supervisord started with pid 1
2025-03-07 13:43:54,119 INFO spawned: 'laravel-worker_00' with pid 14
2025-03-07 13:43:55,120 INFO success: laravel-worker_00 entered RUNNING state, process has stayed up for > than 1 seconds (startsecs)
2025-03-07 14:00:30,767 WARN received SIGQUIT indicating exit request
2025-03-07 14:00:30,767 INFO waiting for laravel-worker_00 to die
2025-03-07 14:00:30,778 INFO stopped: laravel-worker_00 (exit status 0)
2025-03-07 14:03:38,636 INFO supervisord started with pid 1
2025-03-07 14:03:39,643 INFO spawned: 'laravel-worker_00' with pid 6
2025-03-07 14:03:40,645 INFO success: laravel-worker_00 entered RUNNING state, process has stayed up for > than 1 seconds (startsecs)
2025-03-07 14:06:47,047 WARN received SIGQUIT indicating exit request
2025-03-07 14:06:47,049 INFO waiting for laravel-worker_00 to die
2025-03-07 14:06:47,058 INFO stopped: laravel-worker_00 (exit status 0)
2025-03-07 14:06:47,744 INFO supervisord started with pid 1
2025-03-07 14:06:48,747 INFO spawned: 'laravel-worker_00' with pid 7
2025-03-07 14:06:49,749 INFO success: laravel-worker_00 entered RUNNING state, process has stayed up for > than 1 seconds (startsecs)
2025-03-07 14:11:01,699 WARN received SIGQUIT indicating exit request
2025-03-07 14:11:01,706 INFO waiting for laravel-worker_00 to die
2025-03-07 14:11:01,723 INFO stopped: laravel-worker_00 (exit status 0)
2025-03-07 14:11:02,366 INFO supervisord started with pid 1
2025-03-07 14:11:03,370 INFO spawned: 'laravel-worker_00' with pid 7
2025-03-07 14:11:04,371 INFO success: laravel-worker_00 entered RUNNING state, process has stayed up for > than 1 seconds (startsecs)
2025-03-07 14:12:48,474 WARN received SIGQUIT indicating exit request
2025-03-07 14:12:48,475 INFO waiting for laravel-worker_00 to die
2025-03-07 14:12:48,483 INFO stopped: laravel-worker_00 (exit status 0)
2025-03-07 14:12:49,130 INFO supervisord started with pid 1
2025-03-07 14:12:50,133 INFO spawned: 'laravel-worker_00' with pid 7
2025-03-07 14:12:51,135 INFO success: laravel-worker_00 entered RUNNING state, process has stayed up for > than 1 seconds (startsecs)
2025-03-07 14:12:55,139 WARN received SIGQUIT indicating exit request
2025-03-07 14:12:55,140 INFO waiting for laravel-worker_00 to die
2025-03-07 14:12:55,172 WARN stopped: laravel-worker_00 (exit status 1)
2025-03-07 14:12:55,741 INFO supervisord started with pid 1
2025-03-07 14:12:56,743 INFO spawned: 'laravel-worker_00' with pid 7
2025-03-07 14:12:57,745 INFO success: laravel-worker_00 entered RUNNING state, process has stayed up for > than 1 seconds (startsecs)
2025-03-07 14:15:24,892 WARN received SIGQUIT indicating exit request
2025-03-07 14:15:24,892 INFO waiting for laravel-worker_00 to die
2025-03-07 14:15:24,908 INFO stopped: laravel-worker_00 (exit status 0)
2025-03-07 14:15:25,515 INFO supervisord started with pid 1
2025-03-07 14:15:26,517 INFO spawned: 'laravel-worker_00' with pid 7
2025-03-07 14:15:27,519 INFO success: laravel-worker_00 entered RUNNING state, process has stayed up for > than 1 seconds (startsecs)
2025-03-07 14:17:11,622 WARN received SIGQUIT indicating exit request
2025-03-07 14:17:11,623 INFO waiting for laravel-worker_00 to die
2025-03-07 14:17:11,630 INFO stopped: laravel-worker_00 (exit status 0)
2025-03-07 14:17:49,865 INFO supervisord started with pid 1
2025-03-07 14:17:50,868 INFO spawned: 'laravel-worker_00' with pid 7
2025-03-07 14:17:51,870 INFO success: laravel-worker_00 entered RUNNING state, process has stayed up for > than 1 seconds (startsecs)
2025-03-07 14:21:02,283 INFO exited: laravel-worker_00 (exit status 0; expected)
2025-03-07 14:21:03,286 INFO spawned: 'laravel-worker_00' with pid 12
2025-03-07 14:21:04,287 INFO success: laravel-worker_00 entered RUNNING state, process has stayed up for > than 1 seconds (startsecs)
2025-03-07 14:22:31,373 WARN received SIGQUIT indicating exit request
2025-03-07 14:22:31,374 INFO waiting for laravel-worker_00 to die
2025-03-07 14:22:31,382 INFO stopped: laravel-worker_00 (exit status 0)
2025-03-07 14:22:31,995 INFO supervisord started with pid 1
2025-03-07 14:22:32,997 INFO spawned: 'laravel-worker_00' with pid 7
2025-03-07 14:22:33,999 INFO success: laravel-worker_00 entered RUNNING state, process has stayed up for > than 1 seconds (startsecs)
2025-03-07 14:23:07,031 WARN received SIGQUIT indicating exit request
2025-03-07 14:23:07,031 INFO waiting for laravel-worker_00 to die
2025-03-07 14:23:07,044 INFO stopped: laravel-worker_00 (exit status 0)
2025-03-07 14:23:07,747 INFO supervisord started with pid 1
2025-03-07 14:23:08,750 INFO spawned: 'laravel-worker_00' with pid 7
2025-03-07 14:23:09,751 INFO success: laravel-worker_00 entered RUNNING state, process has stayed up for > than 1 seconds (startsecs)
2025-03-07 14:23:33,775 WARN received SIGQUIT indicating exit request
2025-03-07 14:23:33,775 INFO waiting for laravel-worker_00 to die
2025-03-07 14:23:33,783 INFO stopped: laravel-worker_00 (exit status 0)
2025-03-07 14:23:46,161 INFO supervisord started with pid 1
2025-03-07 14:23:47,163 INFO spawned: 'laravel-worker_00' with pid 7
2025-03-07 14:23:48,165 INFO success: laravel-worker_00 entered RUNNING state, process has stayed up for > than 1 seconds (startsecs)
2025-03-07 15:02:14,886 WARN received SIGQUIT indicating exit request
2025-03-07 15:02:14,893 INFO waiting for laravel-worker_00 to die
2025-03-07 15:02:14,935 WARN stopped: laravel-worker_00 (exit status 1)
2025-03-07 15:02:15,648 INFO supervisord started with pid 1
2025-03-07 15:02:16,650 INFO spawned: 'laravel-worker_00' with pid 15
2025-03-07 15:02:17,652 INFO success: laravel-worker_00 entered RUNNING state, process has stayed up for > than 1 seconds (startsecs)
2025-03-07 15:04:37,387 WARN received SIGQUIT indicating exit request
2025-03-07 15:04:37,389 INFO waiting for laravel-worker_00 to die
2025-03-07 15:04:37,420 WARN stopped: laravel-worker_00 (exit status 1)
2025-03-07 15:04:38,060 INFO supervisord started with pid 1
2025-03-07 15:04:39,062 INFO spawned: 'laravel-worker_00' with pid 15
2025-03-07 15:04:40,064 INFO success: laravel-worker_00 entered RUNNING state, process has stayed up for > than 1 seconds (startsecs)
2025-03-07 15:09:09,657 WARN received SIGQUIT indicating exit request
2025-03-07 15:09:09,657 INFO waiting for laravel-worker_00 to die
2025-03-07 15:09:09,670 INFO stopped: laravel-worker_00 (exit status 0)
2025-03-07 15:09:26,905 INFO supervisord started with pid 1
2025-03-07 15:09:27,907 INFO spawned: 'laravel-worker_00' with pid 7
2025-03-07 15:09:28,909 INFO success: laravel-worker_00 entered RUNNING state, process has stayed up for > than 1 seconds (startsecs)
2025-03-07 15:26:46,147 WARN received SIGQUIT indicating exit request
2025-03-07 15:26:46,152 INFO waiting for laravel-worker_00 to die
2025-03-07 15:26:46,188 INFO stopped: laravel-worker_00 (exit status 0)
